  lodepng.cpp
C:\Users\Igor\Desktop\New contender for commit to master\lodepng.cpp(762,10): warning C4334: "<<": wynik 32-bitowe przesunięcia niejawnie skonwertowano do 64 bitów (czy 64-bitowe przesunięcie było zamierzone?)
C:\Users\Igor\Desktop\New contender for commit to master\lodepng.cpp(1422,25): warning C4267: "=": konwersja z "size_t" do "int", możliwa utrata danych
C:\Users\Igor\Desktop\New contender for commit to master\lodepng.cpp(1426,27): warning C4267: "=": konwersja z "size_t" do "int", możliwa utrata danych
C:\Users\Igor\Desktop\New contender for commit to master\lodepng.cpp(1498,40): warning C4267: "=": konwersja z "size_t" do "unsigned int", możliwa utrata danych
C:\Users\Igor\Desktop\New contender for commit to master\lodepng.cpp(3441,25): warning C4334: "<<": wynik 32-bitowe przesunięcia niejawnie skonwertowano do 64 bitów (czy 64-bitowe przesunięcie było zamierzone?)
C:\Users\Igor\Desktop\New contender for commit to master\lodepng.cpp(3455,53): warning C4267: "argument": konwersja z "size_t" do "unsigned int", możliwa utrata danych
C:\Users\Igor\Desktop\New contender for commit to master\lodepng.cpp(4262,42): warning C4267: "=": konwersja z "size_t" do "unsigned int", możliwa utrata danych
C:\Users\Igor\Desktop\New contender for commit to master\lodepng.cpp(4310,26): warning C4267: "=": konwersja z "size_t" do "unsigned int", możliwa utrata danych
C:\Users\Igor\Desktop\New contender for commit to master\lodepng.cpp(4390,34): warning C4267: "=": konwersja z "size_t" do "unsigned int", możliwa utrata danych
C:\Users\Igor\Desktop\New contender for commit to master\lodepng.cpp(5329,27): warning C4267: "inicjowanie": konwersja z "size_t" do "unsigned int", możliwa utrata danych
  main_file.cpp
C:\Users\Igor\Desktop\New contender for commit to master\main_file.cpp(55,11): warning C4244: "=": konwersja z "double" do "float", możliwa utrata danych
C:\Users\Igor\Desktop\New contender for commit to master\main_file.cpp(56,11): warning C4244: "=": konwersja z "double" do "float", możliwa utrata danych
C:\Users\Igor\Desktop\New contender for commit to master\main_file.cpp(60,16): warning C4244: "inicjowanie": konwersja z "double" do "float", możliwa utrata danych
C:\Users\Igor\Desktop\New contender for commit to master\main_file.cpp(61,16): warning C4244: "inicjowanie": konwersja z "double" do "float", możliwa utrata danych
C:\Users\Igor\Desktop\New contender for commit to master\main_file.cpp(63,10): warning C4244: "=": konwersja z "double" do "float", możliwa utrata danych
C:\Users\Igor\Desktop\New contender for commit to master\main_file.cpp(64,10): warning C4244: "=": konwersja z "double" do "float", możliwa utrata danych
C:\Users\Igor\Desktop\New contender for commit to master\main_file.cpp(221,22): warning C4244: "inicjowanie": konwersja z "double" do "float", możliwa utrata danych
  modelLoader.cpp
C:\Users\Igor\Desktop\New contender for commit to master\modelLoader.cpp(29,35): warning C4267: "=": konwersja z "size_t" do "int", możliwa utrata danych
  shaderprogram.cpp
C:\Users\Igor\Desktop\New contender for commit to master\shaderprogram.cpp(38,15): warning C4267: "inicjowanie": konwersja z "size_t" do "int", możliwa utrata danych
  Generowanie kodu...
glew32s.lib(glew.obj) : warning LNK4099: nie znaleziono pliku PDB „vc120.pdb” z elementem „glew32s.lib(glew.obj)” lub w pozycji „C:\Users\Igor\Desktop\New contender for commit to master\build\vc120.pdb”; obiekt zostanie skonsolidowany bez informacji debugowania
  galeria_alkoholi.vcxproj -> C:\Users\Igor\Desktop\New contender for commit to master\build\galeria_alkoholi.exe
